<?xml version="1.0" encoding="UTF-8"?>
<!-- Generated by org.testng.reporters.JUnitXMLReporter -->
<testsuite ignored="5" hostname="DESKTOP-H6DSMGS" failures="1" tests="2" name="Test" time="2.931" errors="0" timestamp="2021-08-13T21:33:55 EDT">
  <testcase classname="learning.NewTest" name="TestCase2" time="0.122">
    <failure type="java.lang.AssertionError" message="expected [] but found [OnLine Catalog]">
      <![CDATA[java.lang.AssertionError: expected [] but found [OnLine Catalog]
at learning.NewTest.TestCase2(NewTest.java:45)
at java.base/java.util.ArrayList.forEach(ArrayList.java:1541)
... Removed 33 stack frames]]>
    </failure>
  </testcase> <!-- TestCase2 -->
  <testcase classname="learning2.NewTest" name="test3" time="2.573"/>
  <testcase classname="learning2.NewTest" name="test1" time="0.0">
    <ignored/>
  </testcase> <!-- test1 -->
  <testcase classname="learning2.NewTest" name="test2" time="0.0">
    <ignored/>
  </testcase> <!-- test2 -->
  <testcase classname="learning2.NewTest" name="test5" time="0.0">
    <ignored/>
  </testcase> <!-- test5 -->
  <testcase classname="learning.NewTest" name="TestCase1" time="0.0">
    <ignored/>
  </testcase> <!-- TestCase1 -->
  <testcase classname="learning2.NewTest" name="test4" time="0.0">
    <ignored/>
  </testcase> <!-- test4 -->
</testsuite> <!-- Test -->
